#
# There is insufficient memory for the Java Runtime Environment to continue.
# Native memory allocation (mmap) failed to map 268435456 bytes for G1 virtual space
# Possible reasons:
#   The system is out of physical RAM or swap space
#   The process is running with CompressedOops enabled, and the Java Heap may be blocking the growth of the native heap
# Possible solutions:
#   Reduce memory load on the system
#   Increase physical memory or swap space
#   Check if swap backing store is full
#   Decrease Java heap size (-Xmx/-Xms)
#   Decrease number of Java threads
#   Decrease Java thread stack sizes (-Xss)
#   Set larger code cache with -XX:ReservedCodeCacheSize=
#   JVM is running with Unscaled Compressed Oops mode in which the Java heap is
#     placed in the first 4GB address space. The Java Heap base address is the
#     maximum limit for the native heap growth. Please use -XX:HeapBaseMinAddress
#     to set the Java Heap base and to place the Java Heap above 4GB virtual address.
# This output file may be truncated or incomplete.
#
#  Out of Memory Error (os_windows.cpp:3613), pid=9936, tid=9380
#
# JRE version:  (17.0.9+8) (build )
# Java VM: OpenJDK 64-Bit Server VM (17.0.9+8-LTS, mixed mode, sharing, tiered, compressed oops, compressed class ptrs, g1 gc, windows-amd64)
# No core dump will be written. Minidumps are not enabled by default on client versions of Windows
#

---------------  S U M M A R Y ------------

Command Line: -Dorg.gradle.internal.worker.tmpdir=D:\Dev\Spring-Study\jdbc\jdbc\build\tmp\test\work -Dorg.gradle.native=false -Xmx512m -Dfile.encoding=x-windows-949 -Duser.country=KR -Duser.language=ko -Duser.variant -ea worker.org.gradle.process.internal.worker.GradleWorkerMain 'Gradle Test Executor 10'

Host: Intel(R) Core(TM) i7-6700 CPU @ 3.40GHz, 8 cores, 15G,  Windows 11 , 64 bit Build 22000 (10.0.22000.2538)
Time: Tue Feb  6 19:34:32 2024  Windows 11 , 64 bit Build 22000 (10.0.22000.2538) elapsed time: 0.023417 seconds (0d 0h 0m 0s)

---------------  T H R E A D  ---------------

Current thread (0x000001f769de2ff0):  JavaThread "Unknown thread" [_thread_in_vm, id=9380, stack(0x000000bbc2500000,0x000000bbc2600000)]

Stack: [0x000000bbc2500000,0x000000bbc2600000]
Native frames: (J=compiled Java code, j=interpreted, Vv=VM code, C=native code)
V  [jvm.dll+0x67cb49]
V  [jvm.dll+0x8344da]
V  [jvm.dll+0x835f9e]
V  [jvm.dll+0x836603]
V  [jvm.dll+0x247b5f]
V  [jvm.dll+0x679969]
V  [jvm.dll+0x66e2ba]
V  [jvm.dll+0x307a5b]
V  [jvm.dll+0x30ef06]
V  [jvm.dll+0x35ecee]
V  [jvm.dll+0x35ef1f]
V  [jvm.dll+0x2de658]
V  [jvm.dll+0x2df5c4]
V  [jvm.dll+0x805d51]
V  [jvm.dll+0x36cb51]
V  [jvm.dll+0x7e47dc]
V  [jvm.dll+0x3f03cf]
V  [jvm.dll+0x3f2001]
C  [jli.dll+0x528f]
C  [ucrtbase.dll+0x26c0c]
C  [KERNEL32.DLL+0x153e0]
C  [ntdll.dll+0x485b]


---------------  P R O C E S S  ---------------

Threads class SMR info:
_java_thread_list=0x00007ffd781eee98, length=0, elements={
}

Java Threads: ( => current thread )

Other Threads:
  0x000001f769e12e70 GCTaskThread "GC Thread#0" [stack: 0x000000bbc2600000,0x000000bbc2700000] [id=17528]
  0x000001f769e17cc0 ConcurrentGCThread "G1 Main Marker" [stack: 0x000000bbc2700000,0x000000bbc2800000] [id=21028]
  0x000001f769e18d80 ConcurrentGCThread "G1 Conc#0" [stack: 0x000000bbc2800000,0x000000bbc2900000] [id=19648]

[error occurred during error reporting (printing all threads), id 0xc0000005, EXCEPTION_ACCESS_VIOLATION (0xc0000005) at pc=0x00007ffd779af097]

VM state: not at safepoint (not fully initialized)

VM Mutex/Monitor currently owned by a thread:  ([mutex/lock_event])
[0x000001f769ddee30] Heap_lock - owner thread: 0x000001f769de2ff0

Heap address: 0x00000000e0000000, size: 512 MB, Compressed Oops mode: 32-bit

CDS archive(s) mapped at: [0x0000000000000000-0x0000000000000000-0x0000000000000000), size 0, SharedBaseAddress: 0x0000000800000000, ArchiveRelocationMode: 1.
Narrow klass base: 0x0000000000000000, Narrow klass shift: 0, Narrow klass range: 0x0

GC Precious Log:
<Empty>

Heap:
 garbage-first heap   total 0K, used 0K [0x00000000e0000000, 0x0000000100000000)
  region size 1024K, 0 young (0K), 0 survivors (0K)

[error occurred during error reporting (printing heap information), id 0xc0000005, EXCEPTION_ACCESS_VIOLATION (0xc0000005) at pc=0x00007ffd77d968f9]

GC Heap History (0 events):
No events

Dll operation events (1 events):
Event: 0.015 Loaded shared library C:\Users\SCY\.jdks\corretto-17.0.9\bin\java.dll

Deoptimization events (0 events):
No events

Classes unloaded (0 events):
No events

Classes redefined (0 events):
No events

Internal exceptions (0 events):
No events

VM Operations (0 events):
No events

Events (0 events):
No events


Dynamic libraries:
0x00007ff610390000 - 0x00007ff61039e000 	C:\Users\SCY\.jdks\corretto-17.0.9\bin\java.exe
0x00007ffdc6b00000 - 0x00007ffdc6d09000 	C:\WINDOWS\SYSTEM32\ntdll.dll
0x00007ffdc50c0000 - 0x00007ffdc517d000 	C:\WINDOWS\System32\KERNEL32.DLL
0x00007ffdc4430000 - 0x00007ffdc47b4000 	C:\WINDOWS\System32\KERNELBASE.dll
0x00007ffdc3f90000 - 0x00007ffdc40a1000 	C:\WINDOWS\System32\ucrtbase.dll
0x00007ffd938e0000 - 0x00007ffd938fb000 	C:\Users\SCY\.jdks\corretto-17.0.9\bin\VCRUNTIME140.dll
0x00007ffd9e840000 - 0x00007ffd9e857000 	C:\Users\SCY\.jdks\corretto-17.0.9\bin\jli.dll
0x00007ffdc6910000 - 0x00007ffdc6abd000 	C:\WINDOWS\System32\USER32.dll
0x00007ffdc40b0000 - 0x00007ffdc40d6000 	C:\WINDOWS\System32\win32u.dll
0x00007ffdc59d0000 - 0x00007ffdc59fa000 	C:\WINDOWS\System32\GDI32.dll
0x00007ffdb4da0000 - 0x00007ffdb5045000 	C:\WINDOWS\WinSxS\amd64_microsoft.windows.common-controls_6595b64144ccf1df_6.0.22000.120_none_9d947278b86cc467\COMCTL32.dll
0x00007ffdc40e0000 - 0x00007ffdc41fe000 	C:\WINDOWS\System32\gdi32full.dll
0x00007ffdc4950000 - 0x00007ffdc49f3000 	C:\WINDOWS\System32\msvcrt.dll
0x00007ffdc4840000 - 0x00007ffdc48dd000 	C:\WINDOWS\System32\msvcp_win.dll
0x00007ffdc5f40000 - 0x00007ffdc5f71000 	C:\WINDOWS\System32\IMM32.DLL
0x00007ffdb70a0000 - 0x00007ffdb70ac000 	C:\Users\SCY\.jdks\corretto-17.0.9\bin\vcruntime140_1.dll
0x00007ffd84a50000 - 0x00007ffd84add000 	C:\Users\SCY\.jdks\corretto-17.0.9\bin\msvcp140.dll
0x00007ffd776c0000 - 0x00007ffd78321000 	C:\Users\SCY\.jdks\corretto-17.0.9\bin\server\jvm.dll
0x00007ffdc60f0000 - 0x00007ffdc619e000 	C:\WINDOWS\System32\ADVAPI32.dll
0x00007ffdc5a60000 - 0x00007ffdc5afe000 	C:\WINDOWS\System32\sechost.dll
0x00007ffdc5c50000 - 0x00007ffdc5d71000 	C:\WINDOWS\System32\RPCRT4.dll
0x00007ffdc3220000 - 0x00007ffdc326d000 	C:\WINDOWS\SYSTEM32\POWRPROF.dll
0x00007ffdc08c0000 - 0x00007ffdc08c9000 	C:\WINDOWS\SYSTEM32\WSOCK32.dll
0x00007ffdc5050000 - 0x00007ffdc50bf000 	C:\WINDOWS\System32\WS2_32.dll
0x00007ffdbe110000 - 0x00007ffdbe143000 	C:\WINDOWS\SYSTEM32\WINMM.dll
0x00007ffdbbc10000 - 0x00007ffdbbc1a000 	C:\WINDOWS\SYSTEM32\VERSION.dll
0x00007ffdc30a0000 - 0x00007ffdc30b3000 	C:\WINDOWS\SYSTEM32\UMPDC.dll
0x00007ffdc3080000 - 0x00007ffdc3098000 	C:\WINDOWS\SYSTEM32\kernel.appcore.dll
0x00007ffdb6480000 - 0x00007ffdb648a000 	C:\Users\SCY\.jdks\corretto-17.0.9\bin\jimage.dll
0x00007ffdb9910000 - 0x00007ffdb9b31000 	C:\WINDOWS\SYSTEM32\DBGHELP.DLL
0x00007ffdb3080000 - 0x00007ffdb30b1000 	C:\WINDOWS\SYSTEM32\dbgcore.DLL
0x00007ffdc47c0000 - 0x00007ffdc483f000 	C:\WINDOWS\System32\bcryptPrimitives.dll
0x00007ffd915d0000 - 0x00007ffd915f5000 	C:\Users\SCY\.jdks\corretto-17.0.9\bin\java.dll

dbghelp: loaded successfully - version: 4.0.5 - missing functions: none
symbol engine: initialized successfully - sym options: 0x614 - pdb path: .;C:\Users\SCY\.jdks\corretto-17.0.9\bin;C:\WINDOWS\SYSTEM32;C:\WINDOWS\WinSxS\amd64_microsoft.windows.common-controls_6595b64144ccf1df_6.0.22000.120_none_9d947278b86cc467;C:\Users\SCY\.jdks\corretto-17.0.9\bin\server

VM Arguments:
jvm_args: -Dorg.gradle.internal.worker.tmpdir=D:\Dev\Spring-Study\jdbc\jdbc\build\tmp\test\work -Dorg.gradle.native=false -Xmx512m -Dfile.encoding=x-windows-949 -Duser.country=KR -Duser.language=ko -Duser.variant -ea 
java_command: worker.org.gradle.process.internal.worker.GradleWorkerMain 'Gradle Test Executor 10'
java_class_path (initial): C:\\Users\\SCY\\.gradle\\caches\\8.5\\workerMain\\gradle-worker.jar;D:\\Dev\\Spring-Study\\jdbc\\jdbc\\build\\classes\\java\\test;D:\\Dev\\Spring-Study\\jdbc\\jdbc\\build\\classes\\java\\main;D:\\Dev\\Spring-Study\\jdbc\\jdbc\\build\\resources\\main;C:\\Users\\SCY\\.gradle\\caches\\modules-2\\files-2.1\\org.springframework.boot\\spring-boot-starter-jdbc\\3.2.2\\22ffda6938dca5f584c8b1b64e4e9096e8302c1e\\spring-boot-starter-jdbc-3.2.2.jar;C:\\Users\\SCY\\.gradle\\caches\\modules-2\\files-2.1\\com.h2database\\h2\\2.2.224\\7bdade27d8cd197d9b5ce9dc251f41d2edc5f7ad\\h2-2.2.224.jar;C:\\Users\\SCY\\.gradle\\caches\\modules-2\\files-2.1\\org.projectlombok\\lombok\\1.18.22\\9c08ea24c6eb714e2d6170e8122c069a0ba9aacf\\lombok-1.18.22.jar;C:\\Users\\SCY\\.gradle\\caches\\modules-2\\files-2.1\\org.springframework.boot\\spring-boot-starter-test\\3.2.2\\8785ad456a809e3eec319d7bbb36c3e971abd00f\\spring-boot-starter-test-3.2.2.jar;C:\\Users\\SCY\\.gradle\\caches\\modules-2\\files-2.1\\org.springframework.boot\\spring-boot-starter\\3.2.2\\dc04714f9295297f92fa8099eb51edc54dbe67db\\spring-boot-starter-3.2.2.jar;C:\\Users\\SCY\\.gradle\\caches\\modules-2\\files-2.1\\com.zaxxer\\HikariCP\\5.0.1\\a74c7f0a37046846e88d54f7cb6ea6d565c65f9c\\HikariCP-5.0.1.jar;C:\\Users\\SCY\\.gradle\\caches\\modules-2\\files-2.1\\org.springframework\\spring-jdbc\\6.1.3\\be4b30cc956b26f13e04ccadc2b0575038c531bb\\spring-jdbc-6.1.3.jar;C:\\Users\\SCY\\.gradle\\caches\\modules-2\\files-2.1\\org.springframework.boot\\spring-boot-test-autoconfigure\\3.2.2\\3413e663b2e3e005db07a60883ac6cd01b0dc0c\\spring-boot-test-autoconfigure-3.2.2.jar;C:\\Users\\SCY\\.gradle\\caches\\modules-2\\files-2.1\\org.springframework.boot\\spring-boot-test\\3.2.2\\9e76de9c9f520865c5d62588323f018a9d4e9077\\spring-boot-test-3.2.2.jar;C:\\Users\\SCY\\.gradle\\caches\\modules-2\\files-2.1\\com.jayway.jsonpath\\json-path\\2.8.0\\b4ab3b7a9e425655a0ca65487bbbd6d7ddb75160\\json-path-2.8.0.jar;C:\\Users\\SCY\\.gradle\\ca
Launcher Type: SUN_STANDARD

[Global flags]
     intx CICompilerCount                          = 4                                         {product} {ergonomic}
     uint ConcGCThreads                            = 2                                         {product} {ergonomic}
     uint G1ConcRefinementThreads                  = 8                                         {product} {ergonomic}
   size_t G1HeapRegionSize                         = 1048576                                   {product} {ergonomic}
    uintx GCDrainStackTargetSize                   = 64                                        {product} {ergonomic}
   size_t InitialHeapSize                          = 268435456                                 {product} {ergonomic}
   size_t MarkStackSize                            = 4194304                                   {product} {ergonomic}
   size_t MaxHeapSize                              = 536870912                                 {product} {command line}
   size_t MinHeapDeltaBytes                        = 1048576                                   {product} {ergonomic}
   size_t MinHeapSize                              = 8388608                                   {product} {ergonomic}
    uintx NonNMethodCodeHeapSize                   = 5839372                                {pd product} {ergonomic}
    uintx NonProfiledCodeHeapSize                  = 122909434                              {pd product} {ergonomic}
    uintx ProfiledCodeHeapSize                     = 122909434                              {pd product} {ergonomic}
    uintx ReservedCodeCacheSize                    = 251658240                              {pd product} {ergonomic}
     bool SegmentedCodeCache                       = true                                      {product} {ergonomic}
   size_t SoftMaxHeapSize                          = 536870912                              {manageable} {ergonomic}
     bool UseCompressedClassPointers               = true                           {product lp64_product} {ergonomic}
     bool UseCompressedOops                        = true                           {product lp64_product} {ergonomic}
     bool UseG1GC                                  = true                                      {product} {ergonomic}
     bool UseLargePagesIndividualAllocation        = false                                  {pd product} {ergonomic}

Logging:
Log output configuration:
 #0: stdout all=warning uptime,level,tags
 #1: stderr all=off uptime,level,tags

Environment Variables:
PATH=C:\Program Files\Common Files\Oracle\Java\javapath;C:\WINDOWS\system32;C:\WINDOWS;C:\WINDOWS\System32\Wbem;C:\WINDOWS\System32\WindowsPowerShell\v1.0\;C:\WINDOWS\System32\OpenSSH\;C:\Program Files\dotnet\;C:\Program Files (x86)\NVIDIA Corporation\PhysX\Common;C:\Program Files\NVIDIA Corporation\NVIDIA NvDLISR;C:\Program Files\Git\cmd;C:\Users\SCY\AppData\Roaming\nvm;C:\Program Files\nodejs;C:\Program Files\nodejs\;C:\Program Files\MySQL\MySQL Server 8.0\bin;;C:\Program Files\Docker\Docker\resources\bin;C:\Program Files\Bandizip\;C:\Users\SCY\AppData\Local\Programs\Python\Python310\Scripts\;C:\Users\SCY\AppData\Local\Programs\Python\Python310\;C:\Program Files\MySQL\MySQL Shell 8.0\bin\;C:\Users\SCY\AppData\Local\Microsoft\WindowsApps;C:\Users\SCY\AppData\Local\Programs\Microsoft VS Code\bin;C:\Users\SCY\AppData\Local\GitHubDesktop\bin;C:\Users\SCY\AppData\Roaming\nvm;C:\Program Files\nodejs;C:\Users\SCY\AppData\Roaming\npm;C:\Program Files\JetBrains\IntelliJ IDEA Educational Edition 2022.2.2\bin;
USERNAME=SCY
OS=Windows_NT
PROCESSOR_IDENTIFIER=Intel64 Family 6 Model 94 Stepping 3, GenuineIntel
TMP=C:\Users\SCY\AppData\Local\Temp
TEMP=C:\Users\SCY\AppData\Local\Temp



Periodic native trim disabled


---------------  S Y S T E M  ---------------

OS:
 Windows 11 , 64 bit Build 22000 (10.0.22000.2538)
OS uptime: 4 days 23:31 hours

CPU: total 8 (initial active 8) (4 cores per cpu, 2 threads per core) family 6 model 94 stepping 3 microcode 0xd6, cx8, cmov, fxsr, ht, mmx, 3dnowpref, sse, sse2, sse3, ssse3, sse4.1, sse4.2, popcnt, lzcnt, tsc, tscinvbit, avx, avx2, aes, erms, clmul, bmi1, bmi2, rtm, adx, fma, vzeroupper, clflush, clflushopt
Processor Information for all 8 processors :
  Max Mhz: 3408, Current Mhz: 3408, Mhz Limit: 3408

Memory: 4k page, system-wide physical 16320M (4292M free)
TotalPageFile size 18368M (AvailPageFile size 138M)
current process WorkingSet (physical memory assigned to process): 11M, peak: 11M
current process commit charge ("private bytes"): 59M, peak: 315M

vm_info: OpenJDK 64-Bit Server VM (17.0.9+8-LTS) for windows-amd64 JRE (17.0.9+8-LTS), built on Oct 12 2023 16:15:33 by "Administrator" with MS VC++ 16.10 / 16.11 (VS2019)

END.
